2024-04-11 18:34:13.073 - DBeaver 24.0.0.202403091004 is starting
2024-04-11 18:34:13.074 - OS: Windows 10 10.0 (amd64)
2024-04-11 18:34:13.074 - Java version: 17.0.6 by Eclipse Adoptium (64bit)
2024-04-11 18:34:13.074 - Install path: 'D:\web_1900_KJS\DBMS\resource\dbeaver'
2024-04-11 18:34:13.075 - Instance path: 'file:/D:/web_1900_KJS/DBMS/workspace/'
2024-04-11 18:34:13.076 - Memory available 64Mb/1024Mb
2024-04-11 18:34:13.084 - Create display
2024-04-11 18:34:13.197 - Initialize desktop platform...
2024-04-11 18:34:13.357 - BounceCastle bundle found. Use JCE provider BC
> Start Core File Systems [org.eclipse.core.filesystem 1.10.200.v20231102-0934]
> Start Core Resource Management [org.eclipse.core.resources 3.20.0.v20231102-0934]
> Start 팀 지원 핵심 [org.eclipse.team.core 3.10.200.v20231106-1240]
> Start DBeaver UI Navigator [org.jkiss.dbeaver.ui.navigator 1.0.126.202403091004]
2024-04-11 18:34:13.681 - Initialize base platform...
2024-04-11 18:34:13.721 - Platform initialized (523ms)
> Start DBeaver UI Editors - Base [org.jkiss.dbeaver.ui.editors.base 1.0.126.202403091004]
2024-04-11 18:34:13.766 - Starting instance server at http://localhost:49755
2024-04-11 18:34:13.782 - Run workbench
> Start Eclipse e4 작업영역 SWT [org.eclipse.e4.ui.workbench.swt 0.17.200.v20231030-2045]
> Start Eclipse Application Services [org.eclipse.e4.core.services 2.4.200.v20231103-2012]
> Start Eclipse UI Application Services [org.eclipse.e4.ui.services 1.6.200.v20231030-2045]
> Start Eclipse e4 Progress View [org.eclipse.e4.ui.progress 0.4.200.v20231030-2045]
> Start Eclipse Bindings Support [org.eclipse.e4.ui.bindings 0.14.200.v20231030-2045]
> Start Eclipse e4 core commands [org.eclipse.e4.core.commands 1.1.200.v20231108-1058]
> Start EMF XML/XMI Persistence [org.eclipse.emf.ecore.xmi 2.36.0.v20231002-1156]
> Start Eclipse CSS SWT Theme Support [org.eclipse.e4.ui.css.swt.theme 0.14.200.v20230913-1724]
> Start Eclipse e4 작업영역 기능 추가 [org.eclipse.e4.ui.workbench.addons.swt 1.5.200.v20231106-1600]
> Start Eclipse e4 작업영역 SWT 렌더러 [org.eclipse.e4.ui.workbench.renderers.swt 0.16.200.v20231030-2045]
> Start Eclipse Dependency Injection Extensions [org.eclipse.e4.core.di.extensions 0.18.100.v20231103-2012]
> Start Eclipse CSS SWT Support [org.eclipse.e4.ui.css.swt 0.15.200.v20231025-0632]
> Start jna [com.sun.jna 5.13.0.v20230812-1000]
2024-04-11 18:34:16.117 - Configure workbench window
> Start DBeaver SQL Model [org.jkiss.dbeaver.model.sql 1.0.116.202403091004]
2024-04-11 18:34:16.255 - Total database drivers: 112 (112)
> Start 도움말 시스템 코어 [org.eclipse.help 3.10.200.v20231106-1240]
2024-04-11 18:34:16.334 - Create actions
2024-04-11 18:34:16.340 - Disable Eclipse action set 'org.eclipse.ui.edit.text.actionSet.annotationNavigation'
2024-04-11 18:34:16.340 - Disable Eclipse action set 'org.eclipse.ui.WorkingSetActionSet'
2024-04-11 18:34:16.340 - Disable Eclipse action set 'org.eclipse.ui.actionSet.openFiles'
2024-04-11 18:34:16.679 - Initialize workbench window
2024-04-11 18:34:16.683 - Finish initialization
> Start 기본 문서 편집기 [org.eclipse.ui.editors 3.17.100.v20231106-1600]
> Start 텍스트 편집기 프레임워크 [org.eclipse.ui.workbench.texteditor 3.17.200.v20231106-1600]
> Start DBeaver UI Editors - Data [org.jkiss.dbeaver.ui.editors.data 1.0.126.202403091004]
Warning: NLS unused message: actions_navigator__objects in: org.jkiss.dbeaver.ui.editors.sql.internal.SQLEditorMessages
> Start DBeaver UI Editors - SQL [org.jkiss.dbeaver.ui.editors.sql 1.0.126.202403091004]
> Start DBeaver SQL Terminal [org.jkiss.dbeaver.ui.editors.sql.terminal 1.0.102.202403091004]
> Start 핵심 비교 지원 [org.eclipse.compare.core 3.8.300.v20231106-1240]
> Start 인터넷 연결 관리 사용자 인터페이스 [org.eclipse.ui.net 1.5.200.v20231106-1240]
> Start Internet Connection Management [org.eclipse.core.net 1.5.200.v20231106-1240]
> Start DBeaver Sample Database [org.jkiss.dbeaver.ext.sample.database 1.0.163.202403091004]
> Start DBeaver Tip of the day [org.jkiss.dbeaver.ext.ui.tipoftheday 1.0.132.202403091004]
> Start GEF Classic Draw2d [org.eclipse.draw2d 3.14.100.202311222042]
> Start GEF Classic GEF (MVC) [org.eclipse.gef 3.16.0.202311222042]
> Start DBeaver ERD UI [org.jkiss.dbeaver.erd.ui 3.0.86.202403091004]
> Start DBeaver ERD Model [org.jkiss.dbeaver.erd.model 1.0.86.202403091004]
> Start DBeaver UI Editors - Connections [org.jkiss.dbeaver.ui.editors.connection 1.0.117.202403091004]
> Start 콘솔 [org.eclipse.ui.console 3.13.100.v20230914-0751]
> Start 디버그 핵심 [org.eclipse.debug.core 3.21.200.v20231021-1513]
2024-04-11 18:34:18.882 - Connect with 'localhost' (oracle_thin-18e9e140331-2fce3622290dbb18)
> Start DBeaver JDBC Model [org.jkiss.dbeaver.model.jdbc 1.0.19.202403091004]
> Start DBeaver Oracle Model [org.jkiss.dbeaver.ext.oracle 2.1.211.202403091004]
2024-04-11 18:34:18.924 - Execution context opened (localhost; Main; 0)
> Start DBeaver SQL Language Semantic Model [org.jkiss.dbeaver.model.lsm 1.0.21.202403091004]
2024-04-11 18:34:19.183 - Execution context opened (localhost; Metadata; 1)
2024-04-11 18:34:19.280 - Connected (oracle_thin-18e9e140331-2fce3622290dbb18, Oracle JDBC driver [11.2.0.2.0])
2024-04-11 18:34:19.283 - Execution context opened (localhost; SQLEditor <jdbc_Test.sql>; 2)
> Start DBeaver Tasks - Native Tools UI [org.jkiss.dbeaver.tasks.native.ui 1.0.104.202403091004]
> Start DBeaver Oracle UI [org.jkiss.dbeaver.ext.oracle.ui 1.0.113.202403091004]
> Start DBeaver Tasks - General UI [org.jkiss.dbeaver.tasks.ui 1.0.104.202403091004]
2024-04-11 18:34:21.026 - Open [https://dbeaver.io/product/version.xml]
2024-04-11 19:16:09.393 - Execution context closed (localhost, 2)
2024-04-11 19:16:09.598 - DBeaver is stopping
2024-04-11 19:16:09.598 - Stop instance server
2024-04-11 19:16:10.610 - DBeaver shutdown completed
